<?xml version="1.0" encoding="UTF-8"?>
<testsuite name="com.demo.springboot.web.IndexControllerTest" tests="1" skipped="0" failures="0" errors="0" timestamp="2020-03-04T18:54:36" hostname="Erics-MacBook-Pro.local" time="0.259">
  <properties/>
  <testcase name="메인페이지_로딩" classname="com.demo.springboot.web.IndexControllerTest" time="0.259"/>
  <system-out><![CDATA[2020-03-05 03:54:31.185  INFO 5092 --- [    Test worker] .b.t.c.SpringBootTestContextBootstrapper : Neither @ContextConfiguration nor @ContextHierarchy found for test class [com.demo.springboot.web.IndexControllerTest], using SpringBootContextLoader
2020-03-05 03:54:31.186  INFO 5092 --- [    Test worker] o.s.t.c.support.AbstractContextLoader    : Could not detect default resource locations for test class [com.demo.springboot.web.IndexControllerTest]: no resource found for suffixes {-context.xml, Context.groovy}.
2020-03-05 03:54:31.186  INFO 5092 --- [    Test worker] t.c.s.AnnotationConfigContextLoaderUtils : Could not detect default configuration classes for test class [com.demo.springboot.web.IndexControllerTest]: IndexControllerTest does not declare any static, non-private, non-final, nested classes annotated with @Configuration.
2020-03-05 03:54:31.189  INFO 5092 --- [    Test worker] .b.t.c.SpringBootTestContextBootstrapper : Found @SpringBootConfiguration com.demo.springboot.Application for test class com.demo.springboot.web.IndexControllerTest
2020-03-05 03:54:31.191  INFO 5092 --- [    Test worker] .b.t.c.SpringBootTestContextBootstrapper : Loaded default TestExecutionListener class names from location [META-INF/spring.factories]: [org.springframework.security.test.context.support.WithSecurityContextTestExecutionListener, org.springframework.security.test.context.support.ReactorContextTestExecutionListener, org.springframework.boot.test.autoconfigure.restdocs.RestDocsTestExecutionListener, org.springframework.boot.test.autoconfigure.web.client.MockRestServiceServerResetTestExecutionListener, org.springframework.boot.test.autoconfigure.web.servlet.MockMvcPrintOnlyOnFailureTestExecutionListener, org.springframework.boot.test.autoconfigure.web.servlet.WebDriverTestExecutionListener, org.springframework.boot.test.mock.mockito.MockitoTestExecutionListener, org.springframework.boot.test.mock.mockito.ResetMocksTestExecutionListener, org.springframework.test.context.web.ServletTestExecutionListener, org.springframework.test.context.support.DirtiesContextBeforeModesTestExecutionListener, org.springframework.test.context.support.DependencyInjectionTestExecutionListener, org.springframework.test.context.support.DirtiesContextTestExecutionListener, org.springframework.test.context.transaction.TransactionalTestExecutionListener, org.springframework.test.context.jdbc.SqlScriptsTestExecutionListener]
2020-03-05 03:54:31.193  INFO 5092 --- [    Test worker] .b.t.c.SpringBootTestContextBootstrapper : Using TestExecutionListeners: [org.springframework.test.context.web.ServletTestExecutionListener@7fccc2b2, org.springframework.test.context.support.DirtiesContextBeforeModesTestExecutionListener@2b17ad21, org.springframework.boot.test.mock.mockito.MockitoTestExecutionListener@405786b3, org.springframework.boot.test.autoconfigure.SpringBootDependencyInjectionTestExecutionListener@50582038, org.springframework.test.context.support.DirtiesContextTestExecutionListener@4998a1d3, org.springframework.test.context.transaction.TransactionalTestExecutionListener@5ff07364, org.springframework.test.context.jdbc.SqlScriptsTestExecutionListener@236e0437, org.springframework.security.test.context.support.WithSecurityContextTestExecutionListener@32a6a982, org.springframework.security.test.context.support.ReactorContextTestExecutionListener@3ebc003c, org.springframework.boot.test.autoconfigure.restdocs.RestDocsTestExecutionListener@620b2fdc, org.springframework.boot.test.autoconfigure.web.client.MockRestServiceServerResetTestExecutionListener@3197d016, org.springframework.boot.test.autoconfigure.web.servlet.MockMvcPrintOnlyOnFailureTestExecutionListener@367a951f, org.springframework.boot.test.autoconfigure.web.servlet.WebDriverTestExecutionListener@6899de0c, org.springframework.boot.test.mock.mockito.ResetMocksTestExecutionListener@53d7790c]

  .   ____          _            __ _ _
 /\\ / ___'_ __ _ _(_)_ __  __ _ \ \ \ \
( ( )\___ | '_ | '_| | '_ \/ _` | \ \ \ \
 \\/  ___)| |_)| | | | | || (_| |  ) ) ) )
  '  |____| .__|_| |_|_| |_\__, | / / / /
 =========|_|==============|___/=/_/_/_/
 :: Spring Boot ::        (v2.1.7.RELEASE)

2020-03-05 03:54:31.248  INFO 5092 --- [    Test worker] c.d.springboot.web.IndexControllerTest   : Starting IndexControllerTest on Erics-MacBook-Pro.local with PID 5092 (started by eric in /Users/eric/IdeaProjects/demo1)
2020-03-05 03:54:31.255  INFO 5092 --- [    Test worker] c.d.springboot.web.IndexControllerTest   : The following profiles are active: oauth
2020-03-05 03:54:31.763  INFO 5092 --- [    Test worker] .s.d.r.c.RepositoryConfigurationDelegate : Bootstrapping Spring Data repositories in DEFAULT mode.
2020-03-05 03:54:31.844  INFO 5092 --- [    Test worker] .s.d.r.c.RepositoryConfigurationDelegate : Finished Spring Data repository scanning in 72ms. Found 2 repository interfaces.
2020-03-05 03:54:32.180  INFO 5092 --- [    Test worker] trationDelegate$BeanPostProcessorChecker : Bean 'org.springframework.transaction.annotation.ProxyTransactionManagementConfiguration' of type [org.springframework.transaction.annotation.ProxyTransactionManagementConfiguration$$EnhancerBySpringCGLIB$$1423ec6c] is not eligible for getting processed by all BeanPostProcessors (for example: not eligible for auto-proxying)
2020-03-05 03:54:32.557  INFO 5092 --- [    Test worker] o.s.b.w.embedded.tomcat.TomcatWebServer  : Tomcat initialized with port(s): 0 (http)
2020-03-05 03:54:32.602  INFO 5092 --- [    Test worker] o.apache.catalina.core.StandardService   : Starting service [Tomcat]
2020-03-05 03:54:32.602  INFO 5092 --- [    Test worker] org.apache.catalina.core.StandardEngine  : Starting Servlet engine: [Apache Tomcat/9.0.22]
2020-03-05 03:54:32.794  INFO 5092 --- [    Test worker] o.a.c.c.C.[Tomcat].[localhost].[/]       : Initializing Spring embedded WebApplicationContext
2020-03-05 03:54:32.794  INFO 5092 --- [    Test worker] o.s.web.context.ContextLoader            : Root WebApplicationContext: initialization completed in 1537 ms
2020-03-05 03:54:33.161  INFO 5092 --- [    Test worker] com.zaxxer.hikari.HikariDataSource       : HikariPool-1 - Starting...
2020-03-05 03:54:33.476  INFO 5092 --- [    Test worker] com.zaxxer.hikari.HikariDataSource       : HikariPool-1 - Start completed.
2020-03-05 03:54:33.621  INFO 5092 --- [    Test worker] o.hibernate.jpa.internal.util.LogHelper  : HHH000204: Processing PersistenceUnitInfo [
	name: default
	...]
2020-03-05 03:54:33.718  INFO 5092 --- [    Test worker] org.hibernate.Version                    : HHH000412: Hibernate Core {5.3.10.Final}
2020-03-05 03:54:33.720  INFO 5092 --- [    Test worker] org.hibernate.cfg.Environment            : HHH000206: hibernate.properties not found
2020-03-05 03:54:33.792  INFO 5092 --- [    Test worker] o.hibernate.annotations.common.Version   : HCANN000001: Hibernate Commons Annotations {5.0.4.Final}
2020-03-05 03:54:34.001  INFO 5092 --- [    Test worker] org.hibernate.dialect.Dialect            : HHH000400: Using dialect: org.hibernate.dialect.H2Dialect
Hibernate: drop table posts if exists
Hibernate: drop table user if exists
Hibernate: create table posts (id bigint generated by default as identity, created_date timestamp, modified_date timestamp, author varchar(255), content TEXT not null, title varchar(500) not null, primary key (id))
Hibernate: create table user (id bigint generated by default as identity, created_date timestamp, modified_date timestamp, email varchar(255) not null, name varchar(255) not null, picture varchar(255), role varchar(255) not null, primary key (id))
2020-03-05 03:54:34.830  INFO 5092 --- [    Test worker] o.h.t.schema.internal.SchemaCreatorImpl  : HHH000476: Executing import script 'org.hibernate.tool.schema.internal.exec.ScriptSourceInputNonExistentImpl@40ea8568'
2020-03-05 03:54:34.834  INFO 5092 --- [    Test worker] j.LocalContainerEntityManagerFactoryBean : Initialized JPA EntityManagerFactory for persistence unit 'default'
2020-03-05 03:54:35.737  INFO 5092 --- [    Test worker] o.h.h.i.QueryTranslatorFactoryInitiator  : HHH000397: Using ASTQueryTranslatorFactory
2020-03-05 03:54:36.117  INFO 5092 --- [    Test worker] o.s.s.web.DefaultSecurityFilterChain     : Creating filter chain: any request, [org.springframework.security.web.context.request.async.WebAsyncManagerIntegrationFilter@2cc79b9d, org.springframework.security.web.context.SecurityContextPersistenceFilter@15f13e9b, org.springframework.security.web.header.HeaderWriterFilter@7b2b4f85, org.springframework.security.web.authentication.logout.LogoutFilter@417ed053, org.springframework.security.oauth2.client.web.OAuth2AuthorizationRequestRedirectFilter@634eeba1, org.springframework.security.oauth2.client.web.OAuth2LoginAuthenticationFilter@1f3e7829, org.springframework.security.web.authentication.ui.DefaultLoginPageGeneratingFilter@5d672882, org.springframework.security.web.authentication.ui.DefaultLogoutPageGeneratingFilter@34cc04bc, org.springframework.security.web.savedrequest.RequestCacheAwareFilter@62ac534e, org.springframework.security.web.servletapi.SecurityContextHolderAwareRequestFilter@43da6ff9, org.springframework.security.web.authentication.AnonymousAuthenticationFilter@53ea4c30, org.springframework.security.web.session.SessionManagementFilter@1e400c6c, org.springframework.security.web.access.ExceptionTranslationFilter@4e8725be, org.springframework.security.web.access.intercept.FilterSecurityInterceptor@22ea1bfd]
2020-03-05 03:54:36.334  INFO 5092 --- [    Test worker] o.s.s.concurrent.ThreadPoolTaskExecutor  : Initializing ExecutorService 'applicationTaskExecutor'
2020-03-05 03:54:36.355  WARN 5092 --- [    Test worker] aWebConfiguration$JpaWebMvcConfiguration : spring.jpa.open-in-view is enabled by default. Therefore, database queries may be performed during view rendering. Explicitly configure spring.jpa.open-in-view to disable this warning
2020-03-05 03:54:36.392  INFO 5092 --- [    Test worker] o.s.b.a.w.s.WelcomePageHandlerMapping    : Adding welcome page template: index
2020-03-05 03:54:36.784  INFO 5092 --- [    Test worker] s.a.ScheduledAnnotationBeanPostProcessor : No TaskScheduler/ScheduledExecutorService bean found for scheduled processing
2020-03-05 03:54:36.817  INFO 5092 --- [    Test worker] o.s.b.w.embedded.tomcat.TomcatWebServer  : Tomcat started on port(s): 54753 (http) with context path ''
2020-03-05 03:54:36.819  INFO 5092 --- [    Test worker] c.d.springboot.web.IndexControllerTest   : Started IndexControllerTest in 5.624 seconds (JVM running for 11.221)
2020-03-05 03:54:36.936  INFO 5092 --- [o-auto-1-exec-1] o.a.c.c.C.[Tomcat].[localhost].[/]       : Initializing Spring DispatcherServlet 'dispatcherServlet'
2020-03-05 03:54:36.936  INFO 5092 --- [o-auto-1-exec-1] o.s.web.servlet.DispatcherServlet        : Initializing Servlet 'dispatcherServlet'
2020-03-05 03:54:36.960  INFO 5092 --- [o-auto-1-exec-1] o.s.web.servlet.DispatcherServlet        : Completed initialization in 24 ms
Hibernate: select posts0_.id as id1_0_, posts0_.created_date as created_2_0_, posts0_.modified_date as modified3_0_, posts0_.author as author4_0_, posts0_.content as content5_0_, posts0_.title as title6_0_ from posts posts0_ order by posts0_.id DESC
]]></system-out>
  <system-err><![CDATA[]]></system-err>
</testsuite>
