<?xml version="1.0" encoding="UTF-8"?>
<testsuite name="com.demo.springboot.web.IndexControllerTest" tests="1" skipped="0" failures="0" errors="0" timestamp="2020-03-28T19:08:19" hostname="Erics-MacBook-Pro.local" time="0.005">
  <properties/>
  <testcase name="dummy" classname="com.demo.springboot.web.IndexControllerTest" time="0.005"/>
  <system-out><![CDATA[2020-03-29 04:08:14.048  INFO 30816 --- [    Test worker] .b.t.c.SpringBootTestContextBootstrapper : Neither @ContextConfiguration nor @ContextHierarchy found for test class [com.demo.springboot.web.IndexControllerTest], using SpringBootContextLoader
2020-03-29 04:08:14.049  INFO 30816 --- [    Test worker] o.s.t.c.support.AbstractContextLoader    : Could not detect default resource locations for test class [com.demo.springboot.web.IndexControllerTest]: no resource found for suffixes {-context.xml, Context.groovy}.
2020-03-29 04:08:14.050  INFO 30816 --- [    Test worker] t.c.s.AnnotationConfigContextLoaderUtils : Could not detect default configuration classes for test class [com.demo.springboot.web.IndexControllerTest]: IndexControllerTest does not declare any static, non-private, non-final, nested classes annotated with @Configuration.
2020-03-29 04:08:14.056  INFO 30816 --- [    Test worker] .b.t.c.SpringBootTestContextBootstrapper : Found @SpringBootConfiguration com.demo.springboot.Application for test class com.demo.springboot.web.IndexControllerTest
2020-03-29 04:08:14.059  INFO 30816 --- [    Test worker] .b.t.c.SpringBootTestContextBootstrapper : Loaded default TestExecutionListener class names from location [META-INF/spring.factories]: [org.springframework.security.test.context.support.WithSecurityContextTestExecutionListener, org.springframework.security.test.context.support.ReactorContextTestExecutionListener, org.springframework.boot.test.autoconfigure.restdocs.RestDocsTestExecutionListener, org.springframework.boot.test.autoconfigure.web.client.MockRestServiceServerResetTestExecutionListener, org.springframework.boot.test.autoconfigure.web.servlet.MockMvcPrintOnlyOnFailureTestExecutionListener, org.springframework.boot.test.autoconfigure.web.servlet.WebDriverTestExecutionListener, org.springframework.boot.test.mock.mockito.MockitoTestExecutionListener, org.springframework.boot.test.mock.mockito.ResetMocksTestExecutionListener, org.springframework.test.context.web.ServletTestExecutionListener, org.springframework.test.context.support.DirtiesContextBeforeModesTestExecutionListener, org.springframework.test.context.support.DependencyInjectionTestExecutionListener, org.springframework.test.context.support.DirtiesContextTestExecutionListener, org.springframework.test.context.transaction.TransactionalTestExecutionListener, org.springframework.test.context.jdbc.SqlScriptsTestExecutionListener]
2020-03-29 04:08:14.061  INFO 30816 --- [    Test worker] .b.t.c.SpringBootTestContextBootstrapper : Using TestExecutionListeners: [org.springframework.test.context.web.ServletTestExecutionListener@67902b62, org.springframework.test.context.support.DirtiesContextBeforeModesTestExecutionListener@29663946, org.springframework.boot.test.mock.mockito.MockitoTestExecutionListener@4c1455be, org.springframework.boot.test.autoconfigure.SpringBootDependencyInjectionTestExecutionListener@4e5129bd, org.springframework.test.context.support.DirtiesContextTestExecutionListener@287cd02e, org.springframework.test.context.transaction.TransactionalTestExecutionListener@3048606e, org.springframework.test.context.jdbc.SqlScriptsTestExecutionListener@5e9f7a7c, org.springframework.security.test.context.support.WithSecurityContextTestExecutionListener@1944acd3, org.springframework.security.test.context.support.ReactorContextTestExecutionListener@57f7e275, org.springframework.boot.test.autoconfigure.restdocs.RestDocsTestExecutionListener@24cfa3f5, org.springframework.boot.test.autoconfigure.web.client.MockRestServiceServerResetTestExecutionListener@126618a, org.springframework.boot.test.autoconfigure.web.servlet.MockMvcPrintOnlyOnFailureTestExecutionListener@3db87749, org.springframework.boot.test.autoconfigure.web.servlet.WebDriverTestExecutionListener@5534cec1, org.springframework.boot.test.mock.mockito.ResetMocksTestExecutionListener@c3d0f99]

  .   ____          _            __ _ _
 /\\ / ___'_ __ _ _(_)_ __  __ _ \ \ \ \
( ( )\___ | '_ | '_| | '_ \/ _` | \ \ \ \
 \\/  ___)| |_)| | | | | || (_| |  ) ) ) )
  '  |____| .__|_| |_|_| |_\__, | / / / /
 =========|_|==============|___/=/_/_/_/
 :: Spring Boot ::        (v2.1.7.RELEASE)

2020-03-29 04:08:14.153  INFO 30816 --- [    Test worker] c.d.springboot.web.IndexControllerTest   : Starting IndexControllerTest on Erics-MacBook-Pro.local with PID 30816 (started by eric in /Users/eric/IdeaProjects/demo1)
2020-03-29 04:08:14.153  INFO 30816 --- [    Test worker] c.d.springboot.web.IndexControllerTest   : The following profiles are active: oauth
2020-03-29 04:08:14.677  INFO 30816 --- [    Test worker] .s.d.r.c.RepositoryConfigurationDelegate : Bootstrapping Spring Data repositories in DEFAULT mode.
2020-03-29 04:08:14.761  INFO 30816 --- [    Test worker] .s.d.r.c.RepositoryConfigurationDelegate : Finished Spring Data repository scanning in 73ms. Found 2 repository interfaces.
2020-03-29 04:08:15.125  INFO 30816 --- [    Test worker] trationDelegate$BeanPostProcessorChecker : Bean 'org.springframework.transaction.annotation.ProxyTransactionManagementConfiguration' of type [org.springframework.transaction.annotation.ProxyTransactionManagementConfiguration$$EnhancerBySpringCGLIB$$983691d3] is not eligible for getting processed by all BeanPostProcessors (for example: not eligible for auto-proxying)
2020-03-29 04:08:15.498  INFO 30816 --- [    Test worker] o.s.b.w.embedded.tomcat.TomcatWebServer  : Tomcat initialized with port(s): 0 (http)
2020-03-29 04:08:15.554  INFO 30816 --- [    Test worker] o.apache.catalina.core.StandardService   : Starting service [Tomcat]
2020-03-29 04:08:15.555  INFO 30816 --- [    Test worker] org.apache.catalina.core.StandardEngine  : Starting Servlet engine: [Apache Tomcat/9.0.22]
2020-03-29 04:08:15.759  INFO 30816 --- [    Test worker] o.a.c.c.C.[Tomcat].[localhost].[/]       : Initializing Spring embedded WebApplicationContext
2020-03-29 04:08:15.759  INFO 30816 --- [    Test worker] o.s.web.context.ContextLoader            : Root WebApplicationContext: initialization completed in 1602 ms
2020-03-29 04:08:16.105  INFO 30816 --- [    Test worker] com.zaxxer.hikari.HikariDataSource       : HikariPool-1 - Starting...
2020-03-29 04:08:16.379  INFO 30816 --- [    Test worker] com.zaxxer.hikari.HikariDataSource       : HikariPool-1 - Start completed.
2020-03-29 04:08:16.528  INFO 30816 --- [    Test worker] o.hibernate.jpa.internal.util.LogHelper  : HHH000204: Processing PersistenceUnitInfo [
	name: default
	...]
2020-03-29 04:08:16.625  INFO 30816 --- [    Test worker] org.hibernate.Version                    : HHH000412: Hibernate Core {5.3.10.Final}
2020-03-29 04:08:16.629  INFO 30816 --- [    Test worker] org.hibernate.cfg.Environment            : HHH000206: hibernate.properties not found
2020-03-29 04:08:16.701  INFO 30816 --- [    Test worker] o.hibernate.annotations.common.Version   : HCANN000001: Hibernate Commons Annotations {5.0.4.Final}
2020-03-29 04:08:16.911  INFO 30816 --- [    Test worker] org.hibernate.dialect.Dialect            : HHH000400: Using dialect: org.hibernate.dialect.MySQL5InnoDBDialect
Hibernate: drop table if exists posts
Hibernate: drop table if exists user
Hibernate: create table posts (id bigint not null auto_increment, created_date datetime, modified_date datetime, author varchar(255), content TEXT not null, title varchar(500) not null, primary key (id)) engine=InnoDB
Hibernate: create table user (id bigint not null auto_increment, created_date datetime, modified_date datetime, email varchar(255) not null, name varchar(255) not null, picture varchar(255), role varchar(255) not null, primary key (id)) engine=InnoDB
2020-03-29 04:08:17.714  INFO 30816 --- [    Test worker] o.h.t.schema.internal.SchemaCreatorImpl  : HHH000476: Executing import script 'org.hibernate.tool.schema.internal.exec.ScriptSourceInputNonExistentImpl@52f1bb61'
2020-03-29 04:08:17.720  INFO 30816 --- [    Test worker] j.LocalContainerEntityManagerFactoryBean : Initialized JPA EntityManagerFactory for persistence unit 'default'
2020-03-29 04:08:18.579  INFO 30816 --- [    Test worker] o.h.h.i.QueryTranslatorFactoryInitiator  : HHH000397: Using ASTQueryTranslatorFactory
2020-03-29 04:08:18.954  INFO 30816 --- [    Test worker] o.s.s.web.DefaultSecurityFilterChain     : Creating filter chain: any request, [org.springframework.security.web.context.request.async.WebAsyncManagerIntegrationFilter@2f234a, org.springframework.security.web.context.SecurityContextPersistenceFilter@7880d476, org.springframework.security.web.header.HeaderWriterFilter@3548dd66, org.springframework.security.web.authentication.logout.LogoutFilter@7d802ea8, org.springframework.security.oauth2.client.web.OAuth2AuthorizationRequestRedirectFilter@305be372, org.springframework.security.oauth2.client.web.OAuth2LoginAuthenticationFilter@5a7dd64d, org.springframework.security.web.authentication.ui.DefaultLoginPageGeneratingFilter@35d69d1, org.springframework.security.web.authentication.ui.DefaultLogoutPageGeneratingFilter@4c6ecd54, org.springframework.security.web.savedrequest.RequestCacheAwareFilter@1b1ca0b9, org.springframework.security.web.servletapi.SecurityContextHolderAwareRequestFilter@684ced51, org.springframework.security.web.authentication.AnonymousAuthenticationFilter@6f590263, org.springframework.security.web.session.SessionManagementFilter@426533ea, org.springframework.security.web.access.ExceptionTranslationFilter@29194ccb, org.springframework.security.web.access.intercept.FilterSecurityInterceptor@6ef7c5da]
2020-03-29 04:08:19.181  INFO 30816 --- [    Test worker] o.s.s.concurrent.ThreadPoolTaskExecutor  : Initializing ExecutorService 'applicationTaskExecutor'
2020-03-29 04:08:19.204  WARN 30816 --- [    Test worker] aWebConfiguration$JpaWebMvcConfiguration : spring.jpa.open-in-view is enabled by default. Therefore, database queries may be performed during view rendering. Explicitly configure spring.jpa.open-in-view to disable this warning
2020-03-29 04:08:19.269  INFO 30816 --- [    Test worker] o.s.b.a.w.s.WelcomePageHandlerMapping    : Adding welcome page template: index
2020-03-29 04:08:19.626  INFO 30816 --- [    Test worker] s.a.ScheduledAnnotationBeanPostProcessor : No TaskScheduler/ScheduledExecutorService bean found for scheduled processing
2020-03-29 04:08:19.660  INFO 30816 --- [    Test worker] o.s.b.w.embedded.tomcat.TomcatWebServer  : Tomcat started on port(s): 54221 (http) with context path ''
2020-03-29 04:08:19.661  INFO 30816 --- [    Test worker] c.d.springboot.web.IndexControllerTest   : Started IndexControllerTest in 5.597 seconds (JVM running for 11.093)
]]></system-out>
  <system-err><![CDATA[]]></system-err>
</testsuite>
