<?xml version="1.0" encoding="UTF-8"?>
<testsuite name="com.demo.springboot.domain.posts.PostsRepositoryTest" tests="2" skipped="0" failures="0" errors="0" timestamp="2020-03-17T18:02:13" hostname="Erics-MacBook-Pro.local" time="0.044">
  <properties/>
  <testcase name="게시글저장_불러오기" classname="com.demo.springboot.domain.posts.PostsRepositoryTest" time="0.027"/>
  <testcase name="BaseTimeEntity_등록" classname="com.demo.springboot.domain.posts.PostsRepositoryTest" time="0.016"/>
  <system-out><![CDATA[2020-03-18 03:02:11.824  INFO 59334 --- [    Test worker] .b.t.c.SpringBootTestContextBootstrapper : Neither @ContextConfiguration nor @ContextHierarchy found for test class [com.demo.springboot.domain.posts.PostsRepositoryTest], using SpringBootContextLoader
2020-03-18 03:02:11.826  INFO 59334 --- [    Test worker] o.s.t.c.support.AbstractContextLoader    : Could not detect default resource locations for test class [com.demo.springboot.domain.posts.PostsRepositoryTest]: no resource found for suffixes {-context.xml, Context.groovy}.
2020-03-18 03:02:11.827  INFO 59334 --- [    Test worker] t.c.s.AnnotationConfigContextLoaderUtils : Could not detect default configuration classes for test class [com.demo.springboot.domain.posts.PostsRepositoryTest]: PostsRepositoryTest does not declare any static, non-private, non-final, nested classes annotated with @Configuration.
2020-03-18 03:02:11.835  INFO 59334 --- [    Test worker] .b.t.c.SpringBootTestContextBootstrapper : Found @SpringBootConfiguration com.demo.springboot.Application for test class com.demo.springboot.domain.posts.PostsRepositoryTest
2020-03-18 03:02:11.837  INFO 59334 --- [    Test worker] .b.t.c.SpringBootTestContextBootstrapper : Loaded default TestExecutionListener class names from location [META-INF/spring.factories]: [org.springframework.security.test.context.support.WithSecurityContextTestExecutionListener, org.springframework.security.test.context.support.ReactorContextTestExecutionListener, org.springframework.boot.test.autoconfigure.restdocs.RestDocsTestExecutionListener, org.springframework.boot.test.autoconfigure.web.client.MockRestServiceServerResetTestExecutionListener, org.springframework.boot.test.autoconfigure.web.servlet.MockMvcPrintOnlyOnFailureTestExecutionListener, org.springframework.boot.test.autoconfigure.web.servlet.WebDriverTestExecutionListener, org.springframework.boot.test.mock.mockito.MockitoTestExecutionListener, org.springframework.boot.test.mock.mockito.ResetMocksTestExecutionListener, org.springframework.test.context.web.ServletTestExecutionListener, org.springframework.test.context.support.DirtiesContextBeforeModesTestExecutionListener, org.springframework.test.context.support.DependencyInjectionTestExecutionListener, org.springframework.test.context.support.DirtiesContextTestExecutionListener, org.springframework.test.context.transaction.TransactionalTestExecutionListener, org.springframework.test.context.jdbc.SqlScriptsTestExecutionListener]
2020-03-18 03:02:11.838  INFO 59334 --- [    Test worker] .b.t.c.SpringBootTestContextBootstrapper : Using TestExecutionListeners: [org.springframework.test.context.web.ServletTestExecutionListener@20634ca5, org.springframework.test.context.support.DirtiesContextBeforeModesTestExecutionListener@53e91c83, org.springframework.boot.test.mock.mockito.MockitoTestExecutionListener@1edfe2d9, org.springframework.boot.test.autoconfigure.SpringBootDependencyInjectionTestExecutionListener@3840eb00, org.springframework.test.context.support.DirtiesContextTestExecutionListener@2fc9ec9, org.springframework.test.context.transaction.TransactionalTestExecutionListener@19ea9711, org.springframework.test.context.jdbc.SqlScriptsTestExecutionListener@78c277df, org.springframework.security.test.context.support.WithSecurityContextTestExecutionListener@47659b2c, org.springframework.security.test.context.support.ReactorContextTestExecutionListener@21894fdf, org.springframework.boot.test.autoconfigure.restdocs.RestDocsTestExecutionListener@6c9616e0, org.springframework.boot.test.autoconfigure.web.client.MockRestServiceServerResetTestExecutionListener@701f822, org.springframework.boot.test.autoconfigure.web.servlet.MockMvcPrintOnlyOnFailureTestExecutionListener@6cd6bf15, org.springframework.boot.test.autoconfigure.web.servlet.WebDriverTestExecutionListener@7caf2e7, org.springframework.boot.test.mock.mockito.ResetMocksTestExecutionListener@5bb7d5e8]

  .   ____          _            __ _ _
 /\\ / ___'_ __ _ _(_)_ __  __ _ \ \ \ \
( ( )\___ | '_ | '_| | '_ \/ _` | \ \ \ \
 \\/  ___)| |_)| | | | | || (_| |  ) ) ) )
  '  |____| .__|_| |_|_| |_\__, | / / / /
 =========|_|==============|___/=/_/_/_/
 :: Spring Boot ::        (v2.1.7.RELEASE)

2020-03-18 03:02:11.876  INFO 59334 --- [    Test worker] c.d.s.domain.posts.PostsRepositoryTest   : Starting PostsRepositoryTest on Erics-MacBook-Pro.local with PID 59334 (started by eric in /Users/eric/IdeaProjects/demo1)
2020-03-18 03:02:11.877  INFO 59334 --- [    Test worker] c.d.s.domain.posts.PostsRepositoryTest   : The following profiles are active: oauth
2020-03-18 03:02:12.127  INFO 59334 --- [    Test worker] .s.d.r.c.RepositoryConfigurationDelegate : Bootstrapping Spring Data repositories in DEFAULT mode.
2020-03-18 03:02:12.149  INFO 59334 --- [    Test worker] .s.d.r.c.RepositoryConfigurationDelegate : Finished Spring Data repository scanning in 22ms. Found 2 repository interfaces.
2020-03-18 03:02:12.257  INFO 59334 --- [    Test worker] trationDelegate$BeanPostProcessorChecker : Bean 'org.springframework.transaction.annotation.ProxyTransactionManagementConfiguration' of type [org.springframework.transaction.annotation.ProxyTransactionManagementConfiguration$$EnhancerBySpringCGLIB$$9b0d923] is not eligible for getting processed by all BeanPostProcessors (for example: not eligible for auto-proxying)
2020-03-18 03:02:12.342  INFO 59334 --- [    Test worker] com.zaxxer.hikari.HikariDataSource       : HikariPool-2 - Starting...
2020-03-18 03:02:12.344  INFO 59334 --- [    Test worker] com.zaxxer.hikari.HikariDataSource       : HikariPool-2 - Start completed.
2020-03-18 03:02:12.369  INFO 59334 --- [    Test worker] o.hibernate.jpa.internal.util.LogHelper  : HHH000204: Processing PersistenceUnitInfo [
	name: default
	...]
2020-03-18 03:02:12.380  INFO 59334 --- [    Test worker] org.hibernate.dialect.Dialect            : HHH000400: Using dialect: org.hibernate.dialect.H2Dialect
Hibernate: drop table posts if exists
Hibernate: drop table user if exists
Hibernate: create table posts (id bigint generated by default as identity, created_date timestamp, modified_date timestamp, author varchar(255), content TEXT not null, title varchar(500) not null, primary key (id))
Hibernate: create table user (id bigint generated by default as identity, created_date timestamp, modified_date timestamp, email varchar(255) not null, name varchar(255) not null, picture varchar(255), role varchar(255) not null, primary key (id))
2020-03-18 03:02:12.433  INFO 59334 --- [    Test worker] o.h.t.schema.internal.SchemaCreatorImpl  : HHH000476: Executing import script 'org.hibernate.tool.schema.internal.exec.ScriptSourceInputNonExistentImpl@7f59e6ea'
2020-03-18 03:02:12.434  INFO 59334 --- [    Test worker] j.LocalContainerEntityManagerFactoryBean : Initialized JPA EntityManagerFactory for persistence unit 'default'
2020-03-18 03:02:12.611  INFO 59334 --- [    Test worker] o.h.h.i.QueryTranslatorFactoryInitiator  : HHH000397: Using ASTQueryTranslatorFactory
2020-03-18 03:02:12.735  INFO 59334 --- [    Test worker] o.s.s.web.DefaultSecurityFilterChain     : Creating filter chain: any request, [org.springframework.security.web.context.request.async.WebAsyncManagerIntegrationFilter@d45d9bc, org.springframework.security.web.context.SecurityContextPersistenceFilter@5e5e101d, org.springframework.security.web.header.HeaderWriterFilter@64227845, org.springframework.security.web.authentication.logout.LogoutFilter@30ee55c3, org.springframework.security.oauth2.client.web.OAuth2AuthorizationRequestRedirectFilter@18402aa5, org.springframework.security.oauth2.client.web.OAuth2LoginAuthenticationFilter@1a11c804, org.springframework.security.web.authentication.ui.DefaultLoginPageGeneratingFilter@1e9e60f5, org.springframework.security.web.authentication.ui.DefaultLogoutPageGeneratingFilter@4c9d8b2, org.springframework.security.web.savedrequest.RequestCacheAwareFilter@11baea4f, org.springframework.security.web.servletapi.SecurityContextHolderAwareRequestFilter@66ad486d, org.springframework.security.web.authentication.AnonymousAuthenticationFilter@1d45df8c, org.springframework.security.web.session.SessionManagementFilter@4f36ffa2, org.springframework.security.web.access.ExceptionTranslationFilter@139c243, org.springframework.security.web.access.intercept.FilterSecurityInterceptor@69ec0d33]
2020-03-18 03:02:12.969  INFO 59334 --- [    Test worker] o.s.s.concurrent.ThreadPoolTaskExecutor  : Initializing ExecutorService 'applicationTaskExecutor'
2020-03-18 03:02:13.005  WARN 59334 --- [    Test worker] aWebConfiguration$JpaWebMvcConfiguration : spring.jpa.open-in-view is enabled by default. Therefore, database queries may be performed during view rendering. Explicitly configure spring.jpa.open-in-view to disable this warning
2020-03-18 03:02:13.029  INFO 59334 --- [    Test worker] o.s.b.a.w.s.WelcomePageHandlerMapping    : Adding welcome page template: index
2020-03-18 03:02:13.304  INFO 59334 --- [    Test worker] s.a.ScheduledAnnotationBeanPostProcessor : No TaskScheduler/ScheduledExecutorService bean found for scheduled processing
2020-03-18 03:02:13.307  INFO 59334 --- [    Test worker] c.d.s.domain.posts.PostsRepositoryTest   : Started PostsRepositoryTest in 1.467 seconds (JVM running for 12.724)
Hibernate: insert into posts (id, created_date, modified_date, author, content, title) values (null, ?, ?, ?, ?, ?)
Hibernate: select posts0_.id as id1_0_, posts0_.created_date as created_2_0_, posts0_.modified_date as modified3_0_, posts0_.author as author4_0_, posts0_.content as content5_0_, posts0_.title as title6_0_ from posts posts0_
Hibernate: select posts0_.id as id1_0_, posts0_.created_date as created_2_0_, posts0_.modified_date as modified3_0_, posts0_.author as author4_0_, posts0_.content as content5_0_, posts0_.title as title6_0_ from posts posts0_
Hibernate: delete from posts where id=?
Hibernate: insert into posts (id, created_date, modified_date, author, content, title) values (null, ?, ?, ?, ?, ?)
Hibernate: select posts0_.id as id1_0_, posts0_.created_date as created_2_0_, posts0_.modified_date as modified3_0_, posts0_.author as author4_0_, posts0_.content as content5_0_, posts0_.title as title6_0_ from posts posts0_
>>>>>>>>> createdDate=2020-03-18T03:02:13.345771, modifiedDate=2020-03-18T03:02:13.345771
Hibernate: select posts0_.id as id1_0_, posts0_.created_date as created_2_0_, posts0_.modified_date as modified3_0_, posts0_.author as author4_0_, posts0_.content as content5_0_, posts0_.title as title6_0_ from posts posts0_
Hibernate: delete from posts where id=?
]]></system-out>
  <system-err><![CDATA[]]></system-err>
</testsuite>
